*** C1350T01 start *******************************
                === gdb Summary ===

# of unexpected failures        2
/home/satoken/src/mckernel/test/issues/1350/mcexec_gdb.sh version  8.3.50.20190908-git -nw -nx -data-directory /home/satoken/gdb_build/binutils-gdb-master/build/gdb/testsuite/../data-directory

make[5]: *** [check-single] Error 1
make[5]: Leaving directory `/home/satoken/gdb_build/binutils-gdb-master/build/gdb/testsuite'
make[4]: *** [check] Error 2
make[4]: Leaving directory `/home/satoken/gdb_build/binutils-gdb-master/build/gdb/testsuite'
make[3]: *** [check] Error 2
make[3]: Leaving directory `/home/satoken/gdb_build/binutils-gdb-master/build/gdb'
make[2]: *** [check-gdb] Error 2
make[2]: Leaving directory `/home/satoken/gdb_build/binutils-gdb-master/build'
make[1]: *** [do-check] Error 2
make[1]: Leaving directory `/home/satoken/gdb_build/binutils-gdb-master/build'
*** C1350T01 FAILED ******************************

*** C1350T02 start *******************************
tst_test.c:1096: INFO: Timeout per run is 0h 05m 00s
rt_sigsuspend01.c:53: PASS: rt_sigsuspend() returned with -1 and EINTR
rt_sigsuspend01.c:62: PASS: signal mask preserved

Summary:
passed   2
failed   0
skipped  0
warnings 0
*** C1350T02 PASSED (0)

*** C1350T03 start *******************************
sigsuspend01    1  TPASS  :  Functionality of sigsuspend() successful
*** C1350T03 PASSED (1)

*** C1350T04 start *******************************
tst_test.c:1096: INFO: Timeout per run is 0h 05m 00s
pause01.c:35: PASS: pause() interrupted with EINTR

Summary:
passed   1
failed   0
skipped  0
warnings 0
*** C1350T04 PASSED (0)

*** C1350T05 start *******************************
pause02     1  TPASS  :  pause was interrupted correctly
*** C1350T05 PASSED (1)

*** C1350T06 start *******************************
pause03     1  TPASS  :  pause() did not return after SIGKILL
*** C1350T06 PASSED (1)

